-------------------------------------------------------------------------------
Test set: tn.esprit.spring.service.EmployeServiceImplTest
-------------------------------------------------------------------------------
Tests run: 5, Failures: 1, Errors: 0, Skipped: 0, Time elapsed: 9.562 s <<< FAILURE! - in tn.esprit.spring.service.EmployeServiceImplTest
AB_testretrieveAllEmployes  Time elapsed: 0.281 s  <<< FAILURE!
java.lang.AssertionError
	at tn.esprit.spring.service.EmployeServiceImplTest.AB_testretrieveAllEmployes(EmployeServiceImplTest.java:67)

